2025-03-30 23:09:45,736 - __main__ - INFO - Starting application
2025-03-30 23:09:45,736 - src.utils.config - INFO - Loaded configuration from config.json
2025-03-30 23:09:45,736 - src.utils.config - INFO - Loaded configuration from config.json
2025-03-30 23:09:45,736 - src.utils.config - INFO - Loaded configuration from config.json
2025-03-30 23:09:45,736 - src.services.port_service - INFO - PortService initialized
2025-03-30 23:09:45,736 - src.services.port_service - INFO - Starting port detection
2025-03-30 23:09:48,825 - src.services.port_service - INFO - Port detection complete: 15/16 connected
2025-03-30 23:09:48,833 - src.services.port_service - INFO - Enabling port COM12
2025-03-30 23:09:48,833 - src.services.port_service - INFO - Enabling port COM17
2025-03-30 23:09:48,833 - src.services.port_service - INFO - Enabling port COM10
2025-03-30 23:09:48,833 - src.services.port_service - INFO - Enabling port COM7
2025-03-30 23:09:48,833 - src.services.port_service - INFO - Enabling port COM18
2025-03-30 23:09:48,833 - src.services.port_service - INFO - Enabling port COM8
2025-03-30 23:09:48,833 - src.services.port_service - INFO - Enabling port COM11
2025-03-30 23:09:48,833 - src.services.port_service - INFO - Enabling port COM15
2025-03-30 23:09:48,890 - src.services.port_service - INFO - Enabling port COM6
2025-03-30 23:09:48,890 - src.services.port_service - INFO - Enabling port COM19
2025-03-30 23:09:48,892 - src.services.port_service - INFO - Enabling port COM13
2025-03-30 23:09:48,892 - src.services.port_service - INFO - Enabling port COM20
2025-03-30 23:09:48,892 - src.services.port_service - INFO - Enabling port COM16
2025-03-30 23:09:49,047 - src.services.port_service - INFO - Enabling port COM14
2025-03-30 23:09:49,047 - src.services.port_service - INFO - Enabling port COM9
2025-03-30 23:09:49,061 - src.services.port_service - INFO - Port monitoring started
2025-03-30 23:10:10,091 - src.services.port_service - INFO - Port monitoring stopped
2025-03-30 23:10:10,091 - __main__ - INFO - Application shutdown
2025-03-30 23:34:15,267 - __main__ - INFO - Starting application
2025-03-30 23:34:15,291 - src.utils.config - INFO - Loaded configuration from config.json
2025-03-30 23:34:15,404 - src.utils.config - INFO - Loaded configuration from config.json
2025-03-30 23:34:15,406 - src.utils.config - INFO - Loaded configuration from config.json
2025-03-30 23:34:15,406 - src.services.port_service - INFO - PortService initialized
2025-03-30 23:34:15,406 - src.services.port_service - INFO - Starting port detection
2025-03-30 23:34:18,507 - src.services.port_service - INFO - Port detection complete: 15/16 connected
2025-03-30 23:34:18,507 - src.services.port_service - INFO - Enabling port COM11
2025-03-30 23:34:18,523 - src.services.port_service - INFO - Enabling port COM12
2025-03-30 23:34:18,523 - src.services.port_service - INFO - Enabling port COM6
2025-03-30 23:34:18,523 - src.services.port_service - INFO - Enabling port COM8
2025-03-30 23:34:18,525 - src.services.port_service - INFO - Enabling port COM10
2025-03-30 23:34:18,539 - src.services.port_service - INFO - Enabling port COM18
2025-03-30 23:34:18,587 - src.services.port_service - INFO - Enabling port COM7
2025-03-30 23:34:18,587 - src.services.port_service - INFO - Enabling port COM17
2025-03-30 23:34:18,594 - src.services.port_service - INFO - Enabling port COM15
2025-03-30 23:34:18,601 - src.services.port_service - INFO - Enabling port COM19
2025-03-30 23:34:18,601 - src.services.port_service - INFO - Enabling port COM20
2025-03-30 23:34:18,601 - src.services.port_service - INFO - Enabling port COM13
2025-03-30 23:34:18,609 - src.services.port_service - INFO - Enabling port COM9
2025-03-30 23:34:18,609 - src.services.port_service - INFO - Enabling port COM16
2025-03-30 23:34:18,609 - src.services.port_service - INFO - Enabling port COM14
2025-03-30 23:34:18,609 - src.services.port_service - INFO - Port monitoring started
2025-03-30 23:36:14,768 - src.services.port_service - INFO - Port monitoring stopped
2025-03-30 23:36:14,771 - __main__ - INFO - Application shutdown
2025-03-30 23:40:59,425 - __main__ - INFO - Starting application
2025-03-30 23:40:59,425 - src.utils.config - INFO - Loaded configuration from config.json
2025-03-30 23:40:59,425 - src.utils.config - INFO - Loaded configuration from config.json
2025-03-30 23:40:59,425 - src.utils.config - INFO - Loaded configuration from config.json
2025-03-30 23:40:59,425 - src.services.port_service - INFO - PortService initialized
2025-03-30 23:40:59,425 - src.services.port_service - INFO - Starting port detection
2025-03-30 23:41:02,519 - src.services.port_service - INFO - Port detection complete: 11/16 connected
2025-03-30 23:41:02,519 - src.services.port_service - INFO - Enabling port COM12
2025-03-30 23:41:02,519 - src.services.port_service - INFO - Enabling port COM17
2025-03-30 23:41:02,519 - src.services.port_service - INFO - Enabling port COM18
2025-03-30 23:41:02,519 - src.services.port_service - INFO - Enabling port COM15
2025-03-30 23:41:02,519 - src.services.port_service - INFO - Enabling port COM6
2025-03-30 23:41:02,531 - src.services.port_service - INFO - Enabling port COM8
2025-03-30 23:41:02,531 - src.services.port_service - INFO - Enabling port COM5
2025-03-30 23:41:02,531 - src.services.port_service - INFO - Enabling port COM19
2025-03-30 23:41:02,531 - src.services.port_service - INFO - Enabling port COM13
2025-03-30 23:41:02,531 - src.services.port_service - INFO - Enabling port COM16
2025-03-30 23:41:02,538 - src.services.port_service - INFO - Enabling port COM14
2025-03-30 23:41:02,538 - src.services.port_monitor - INFO - PortMonitor initialized
2025-03-30 23:41:02,539 - src.services.port_monitor - INFO - Port monitoring started
2025-03-30 23:42:28,990 - src.services.port_monitor - INFO - Port monitoring stopped
2025-03-30 23:42:28,992 - __main__ - INFO - Application shutdown
2025-03-30 23:42:49,208 - __main__ - INFO - Starting application
2025-03-30 23:42:49,208 - src.utils.config - INFO - Loaded configuration from config.json
2025-03-30 23:42:49,208 - src.utils.config - INFO - Loaded configuration from config.json
2025-03-30 23:42:49,208 - src.utils.config - INFO - Loaded configuration from config.json
2025-03-30 23:42:49,208 - src.services.port_service - INFO - PortService initialized
2025-03-30 23:42:49,208 - src.services.port_service - INFO - Starting port detection
2025-03-30 23:42:52,303 - src.services.port_service - INFO - Port detection complete: 16/16 connected
2025-03-30 23:42:52,308 - src.services.port_service - INFO - Enabling port COM6
2025-03-30 23:42:52,308 - src.services.port_service - INFO - Enabling port COM8
2025-03-30 23:42:52,308 - src.services.port_service - INFO - Enabling port COM12
2025-03-30 23:42:52,311 - src.services.port_service - INFO - Enabling port COM11
2025-03-30 23:42:52,313 - src.services.port_service - INFO - Enabling port COM17
2025-03-30 23:42:52,321 - src.services.port_service - INFO - Enabling port COM18
2025-03-30 23:42:52,321 - src.services.port_service - INFO - Enabling port COM7
2025-03-30 23:42:52,321 - src.services.port_service - INFO - Enabling port COM15
2025-03-30 23:42:52,321 - src.services.port_service - INFO - Enabling port COM10
2025-03-30 23:42:52,321 - src.services.port_service - INFO - Enabling port COM5
2025-03-30 23:42:52,328 - src.services.port_service - INFO - Enabling port COM19
2025-03-30 23:42:52,347 - src.services.port_service - INFO - Enabling port COM16
2025-03-30 23:42:52,362 - src.services.port_service - INFO - Enabling port COM13
2025-03-30 23:42:52,362 - src.services.port_service - INFO - Enabling port COM20
2025-03-30 23:42:52,362 - src.services.port_service - INFO - Enabling port COM9
2025-03-30 23:42:52,365 - src.services.port_service - INFO - Enabling port COM14
2025-03-30 23:42:52,367 - src.services.port_monitor - INFO - PortMonitor initialized
2025-03-30 23:42:52,367 - src.services.port_monitor - INFO - Port monitoring started
2025-03-30 23:43:16,500 - src.services.port_monitor - INFO - Port monitoring stopped
2025-03-30 23:43:16,506 - __main__ - INFO - Application shutdown
