2025-03-30 20:59:49 - INFO - models.portmanager - PortManager initialized
2025-03-30 20:59:49 - INFO - models.portmanager - Memulai deteksi port...
2025-03-30 21:00:05 - INFO - models.portmanager - Deteksi selesai. Ditemukan 0 GSM modem
2025-03-30 21:03:14 - INFO - models.portmanager - PortManager initialized
2025-03-30 21:03:15 - INFO - models.portmanager - Total port terdeteksi: 20
2025-03-30 21:03:15 - INFO - models.portmanager - Port 1: COM6 - USB Serial Device (COM6) - USB VID:PID=04E2:1414 SER=6&36A1A338&0&2 LOCATION=1-5.2:x.6
2025-03-30 21:03:15 - INFO - models.portmanager - Port 2: COM8 - USB Serial Device (COM8) - USB VID:PID=04E2:1414 SER=6&36A1A338&0&2 LOCATION=1-5.2:x.4
2025-03-30 21:03:15 - INFO - models.portmanager - Port 3: COM11 - USB Serial Device (COM11) - USB VID:PID=04E2:1414 SER=6&36A1A338&0&1 LOCATION=1-5.1:x.6
2025-03-30 21:03:15 - INFO - models.portmanager - Port 4: COM12 - USB Serial Device (COM12) - USB VID:PID=04E2:1414 SER=6&36A1A338&0&3 LOCATION=1-5.3:x.6
2025-03-30 21:03:15 - INFO - models.portmanager - Port 5: COM5 - USB Serial Device (COM5) - USB VID:PID=04E2:1414 SER=6&36A1A338&0&2 LOCATION=1-5.2:x.2
2025-03-30 21:03:15 - INFO - models.portmanager - Port 6: COM7 - USB Serial Device (COM7) - USB VID:PID=04E2:1414 SER=6&36A1A338&0&2 LOCATION=1-5.2:x.0
2025-03-30 21:03:15 - INFO - models.portmanager - Port 7: COM17 - USB Serial Device (COM17) - USB VID:PID=04E2:1414 SER=6&36A1A338&0&4 LOCATION=1-5.4:x.4
2025-03-30 21:03:15 - INFO - models.portmanager - Port 8: COM10 - USB Serial Device (COM10) - USB VID:PID=04E2:1414 SER=6&36A1A338&0&1 LOCATION=1-5.1:x.2
2025-03-30 21:03:15 - INFO - models.portmanager - Port 9: COM18 - USB Serial Device (COM18) - USB VID:PID=04E2:1414 SER=6&36A1A338&0&3 LOCATION=1-5.3:x.2
2025-03-30 21:03:15 - INFO - models.portmanager - Port 10: COM15 - USB Serial Device (COM15) - USB VID:PID=04E2:1414 SER=6&36A1A338&0&4 LOCATION=1-5.4:x.0
2025-03-30 21:03:15 - INFO - models.portmanager - Port 11: COM3 - Standard Serial over Bluetooth link (COM3) - BTHENUM\{00001101-0000-1000-8000-00805F9B34FB}_LOCALMFG&0002\7&3B82FC44&0&9C4952EEFA34_C00000000
2025-03-30 21:03:15 - INFO - models.portmanager - Port 12: COM4 - Standard Serial over Bluetooth link (COM4) - BTHENUM\{00001101-0000-1000-8000-00805F9B34FB}_LOCALMFG&0000\7&3B82FC44&0&000000000000_00000008
2025-03-30 21:03:15 - INFO - models.portmanager - Port 13: COM19 - USB Serial Device (COM19) - USB VID:PID=04E2:1414 SER=6&36A1A338&0&4 LOCATION=1-5.4:x.6
2025-03-30 21:03:15 - INFO - models.portmanager - Port 14: COM20 - USB Serial Device (COM20) - USB VID:PID=04E2:1414 SER=6&36A1A338&0&1 LOCATION=1-5.1:x.4
2025-03-30 21:03:15 - INFO - models.portmanager - Port 15: COM13 - USB Serial Device (COM13) - USB VID:PID=04E2:1414 SER=6&36A1A338&0&3 LOCATION=1-5.3:x.4
2025-03-30 21:03:15 - INFO - models.portmanager - Port 16: COM16 - USB Serial Device (COM16) - USB VID:PID=04E2:1414 SER=6&36A1A338&0&4 LOCATION=1-5.4:x.2
2025-03-30 21:03:15 - INFO - models.portmanager - Port 17: COM9 - USB Serial Device (COM9) - USB VID:PID=04E2:1414 SER=6&36A1A338&0&1 LOCATION=1-5.1:x.0
2025-03-30 21:03:15 - INFO - models.portmanager - Port 18: COM14 - USB Serial Device (COM14) - USB VID:PID=04E2:1414 SER=6&36A1A338&0&3 LOCATION=1-5.3:x.0
2025-03-30 21:03:15 - INFO - models.portmanager - Port 19: COM22 - Standard Serial over Bluetooth link (COM22) - BTHENUM\{00001101-0000-1000-8000-00805F9B34FB}_LOCALMFG&0000\7&3B82FC44&0&000000000000_00000009
2025-03-30 21:03:15 - INFO - models.portmanager - Port 20: COM23 - Standard Serial over Bluetooth link (COM23) - BTHENUM\{00001101-0000-1000-8000-00805F9B34FB}_VID&000105D6_PID&000A\7&3B82FC44&0&C950C89325BC_C00000000
2025-03-30 21:03:15 - INFO - models.portmanager - Memulai deteksi port...
2025-03-30 21:03:19 - INFO - models.portmanager - Modem terdeteksi di COM6 dengan baud 115200
2025-03-30 21:03:19 - INFO - models.portmanager - GSM modem terdeteksi pada COM6
2025-03-30 21:03:23 - INFO - models.portmanager - Modem terdeteksi di COM8 dengan baud 115200
2025-03-30 21:03:23 - INFO - models.portmanager - GSM modem terdeteksi pada COM8
2025-03-30 21:03:27 - INFO - models.portmanager - Modem terdeteksi di COM11 dengan baud 115200
2025-03-30 21:03:27 - INFO - models.portmanager - GSM modem terdeteksi pada COM11
2025-03-30 21:03:31 - INFO - models.portmanager - Modem terdeteksi di COM12 dengan baud 115200
2025-03-30 21:03:31 - INFO - models.portmanager - GSM modem terdeteksi pada COM12
2025-03-30 21:03:47 - INFO - models.portmanager - Modem terdeteksi di COM7 dengan baud 115200
2025-03-30 21:03:47 - INFO - models.portmanager - GSM modem terdeteksi pada COM7
2025-03-30 21:03:51 - INFO - models.portmanager - Modem terdeteksi di COM17 dengan baud 115200
2025-03-30 21:03:51 - INFO - models.portmanager - GSM modem terdeteksi pada COM17
2025-03-30 21:03:55 - INFO - models.portmanager - Modem terdeteksi di COM10 dengan baud 115200
2025-03-30 21:03:55 - INFO - models.portmanager - GSM modem terdeteksi pada COM10
2025-03-30 21:03:59 - INFO - models.portmanager - Modem terdeteksi di COM18 dengan baud 115200
2025-03-30 21:03:59 - INFO - models.portmanager - GSM modem terdeteksi pada COM18
2025-03-30 21:04:03 - INFO - models.portmanager - Modem terdeteksi di COM15 dengan baud 115200
2025-03-30 21:04:03 - INFO - models.portmanager - GSM modem terdeteksi pada COM15
2025-03-30 21:04:07 - INFO - models.portmanager - Modem terdeteksi di COM19 dengan baud 115200
2025-03-30 21:04:07 - INFO - models.portmanager - GSM modem terdeteksi pada COM19
2025-03-30 21:04:11 - INFO - models.portmanager - Modem terdeteksi di COM20 dengan baud 115200
2025-03-30 21:04:11 - INFO - models.portmanager - GSM modem terdeteksi pada COM20
2025-03-30 21:04:16 - INFO - models.portmanager - Modem terdeteksi di COM13 dengan baud 115200
2025-03-30 21:04:16 - INFO - models.portmanager - GSM modem terdeteksi pada COM13
2025-03-30 21:04:20 - INFO - models.portmanager - Modem terdeteksi di COM16 dengan baud 115200
2025-03-30 21:04:20 - INFO - models.portmanager - GSM modem terdeteksi pada COM16
2025-03-30 21:04:24 - INFO - models.portmanager - Modem terdeteksi di COM9 dengan baud 115200
2025-03-30 21:04:24 - INFO - models.portmanager - GSM modem terdeteksi pada COM9
2025-03-30 21:04:28 - INFO - models.portmanager - Modem terdeteksi di COM14 dengan baud 115200
2025-03-30 21:04:28 - INFO - models.portmanager - GSM modem terdeteksi pada COM14
2025-03-30 21:04:28 - INFO - models.portmanager - Deteksi selesai. Ditemukan 15 GSM modem
2025-03-30 21:05:07 - INFO - models.portmanager - PortManager initialized
2025-03-30 21:05:07 - INFO - models.portmanager - Total port terdeteksi: 20
2025-03-30 21:05:07 - INFO - models.portmanager - Port 1: COM6 - USB Serial Device (COM6) - USB VID:PID=04E2:1414 SER=6&36A1A338&0&2 LOCATION=1-5.2:x.6
2025-03-30 21:05:07 - INFO - models.portmanager - Port 2: COM8 - USB Serial Device (COM8) - USB VID:PID=04E2:1414 SER=6&36A1A338&0&2 LOCATION=1-5.2:x.4
2025-03-30 21:05:07 - INFO - models.portmanager - Port 3: COM11 - USB Serial Device (COM11) - USB VID:PID=04E2:1414 SER=6&36A1A338&0&1 LOCATION=1-5.1:x.6
2025-03-30 21:05:07 - INFO - models.portmanager - Port 4: COM12 - USB Serial Device (COM12) - USB VID:PID=04E2:1414 SER=6&36A1A338&0&3 LOCATION=1-5.3:x.6
2025-03-30 21:05:07 - INFO - models.portmanager - Port 5: COM5 - USB Serial Device (COM5) - USB VID:PID=04E2:1414 SER=6&36A1A338&0&2 LOCATION=1-5.2:x.2
2025-03-30 21:05:07 - INFO - models.portmanager - Port 6: COM7 - USB Serial Device (COM7) - USB VID:PID=04E2:1414 SER=6&36A1A338&0&2 LOCATION=1-5.2:x.0
2025-03-30 21:05:07 - INFO - models.portmanager - Port 7: COM17 - USB Serial Device (COM17) - USB VID:PID=04E2:1414 SER=6&36A1A338&0&4 LOCATION=1-5.4:x.4
2025-03-30 21:05:07 - INFO - models.portmanager - Port 8: COM10 - USB Serial Device (COM10) - USB VID:PID=04E2:1414 SER=6&36A1A338&0&1 LOCATION=1-5.1:x.2
2025-03-30 21:05:07 - INFO - models.portmanager - Port 9: COM18 - USB Serial Device (COM18) - USB VID:PID=04E2:1414 SER=6&36A1A338&0&3 LOCATION=1-5.3:x.2
2025-03-30 21:05:07 - INFO - models.portmanager - Port 10: COM15 - USB Serial Device (COM15) - USB VID:PID=04E2:1414 SER=6&36A1A338&0&4 LOCATION=1-5.4:x.0
2025-03-30 21:05:07 - INFO - models.portmanager - Port 11: COM3 - Standard Serial over Bluetooth link (COM3) - BTHENUM\{00001101-0000-1000-8000-00805F9B34FB}_LOCALMFG&0002\7&3B82FC44&0&9C4952EEFA34_C00000000
2025-03-30 21:05:07 - INFO - models.portmanager - Port 12: COM4 - Standard Serial over Bluetooth link (COM4) - BTHENUM\{00001101-0000-1000-8000-00805F9B34FB}_LOCALMFG&0000\7&3B82FC44&0&000000000000_00000008
2025-03-30 21:05:07 - INFO - models.portmanager - Port 13: COM19 - USB Serial Device (COM19) - USB VID:PID=04E2:1414 SER=6&36A1A338&0&4 LOCATION=1-5.4:x.6
2025-03-30 21:05:07 - INFO - models.portmanager - Port 14: COM20 - USB Serial Device (COM20) - USB VID:PID=04E2:1414 SER=6&36A1A338&0&1 LOCATION=1-5.1:x.4
2025-03-30 21:05:07 - INFO - models.portmanager - Port 15: COM13 - USB Serial Device (COM13) - USB VID:PID=04E2:1414 SER=6&36A1A338&0&3 LOCATION=1-5.3:x.4
2025-03-30 21:05:07 - INFO - models.portmanager - Port 16: COM16 - USB Serial Device (COM16) - USB VID:PID=04E2:1414 SER=6&36A1A338&0&4 LOCATION=1-5.4:x.2
2025-03-30 21:05:07 - INFO - models.portmanager - Port 17: COM9 - USB Serial Device (COM9) - USB VID:PID=04E2:1414 SER=6&36A1A338&0&1 LOCATION=1-5.1:x.0
2025-03-30 21:05:07 - INFO - models.portmanager - Port 18: COM14 - USB Serial Device (COM14) - USB VID:PID=04E2:1414 SER=6&36A1A338&0&3 LOCATION=1-5.3:x.0
2025-03-30 21:05:07 - INFO - models.portmanager - Port 19: COM22 - Standard Serial over Bluetooth link (COM22) - BTHENUM\{00001101-0000-1000-8000-00805F9B34FB}_LOCALMFG&0000\7&3B82FC44&0&000000000000_00000009
2025-03-30 21:05:07 - INFO - models.portmanager - Port 20: COM23 - Standard Serial over Bluetooth link (COM23) - BTHENUM\{00001101-0000-1000-8000-00805F9B34FB}_VID&000105D6_PID&000A\7&3B82FC44&0&C950C89325BC_C00000000
2025-03-30 21:05:07 - INFO - models.portmanager - Memulai deteksi port...
2025-03-30 21:05:11 - INFO - models.portmanager - Modem terdeteksi di COM6 dengan baud 115200
2025-03-30 21:05:11 - INFO - models.portmanager - GSM modem terdeteksi pada COM6
2025-03-30 21:05:15 - INFO - models.portmanager - Modem terdeteksi di COM8 dengan baud 115200
2025-03-30 21:05:15 - INFO - models.portmanager - GSM modem terdeteksi pada COM8
2025-03-30 21:05:19 - INFO - models.portmanager - Modem terdeteksi di COM11 dengan baud 115200
2025-03-30 21:05:19 - INFO - models.portmanager - GSM modem terdeteksi pada COM11
2025-03-30 21:05:23 - INFO - models.portmanager - Modem terdeteksi di COM12 dengan baud 115200
2025-03-30 21:05:23 - INFO - models.portmanager - GSM modem terdeteksi pada COM12
2025-03-30 21:05:40 - INFO - models.portmanager - Modem terdeteksi di COM7 dengan baud 115200
2025-03-30 21:05:40 - INFO - models.portmanager - GSM modem terdeteksi pada COM7
2025-03-30 21:05:44 - INFO - models.portmanager - Modem terdeteksi di COM17 dengan baud 115200
2025-03-30 21:05:44 - INFO - models.portmanager - GSM modem terdeteksi pada COM17
2025-03-30 21:05:48 - INFO - models.portmanager - Modem terdeteksi di COM10 dengan baud 115200
2025-03-30 21:05:48 - INFO - models.portmanager - GSM modem terdeteksi pada COM10
2025-03-30 21:05:52 - INFO - models.portmanager - Modem terdeteksi di COM18 dengan baud 115200
2025-03-30 21:05:52 - INFO - models.portmanager - GSM modem terdeteksi pada COM18
2025-03-30 21:05:56 - INFO - models.portmanager - Modem terdeteksi di COM15 dengan baud 115200
2025-03-30 21:05:56 - INFO - models.portmanager - GSM modem terdeteksi pada COM15
2025-03-30 21:06:00 - INFO - models.portmanager - Modem terdeteksi di COM19 dengan baud 115200
2025-03-30 21:06:00 - INFO - models.portmanager - GSM modem terdeteksi pada COM19
2025-03-30 21:06:04 - INFO - models.portmanager - Modem terdeteksi di COM20 dengan baud 115200
2025-03-30 21:06:04 - INFO - models.portmanager - GSM modem terdeteksi pada COM20
2025-03-30 21:06:08 - INFO - models.portmanager - Modem terdeteksi di COM13 dengan baud 115200
2025-03-30 21:06:08 - INFO - models.portmanager - GSM modem terdeteksi pada COM13
2025-03-30 21:06:12 - INFO - models.portmanager - Modem terdeteksi di COM16 dengan baud 115200
2025-03-30 21:06:12 - INFO - models.portmanager - GSM modem terdeteksi pada COM16
2025-03-30 21:06:16 - INFO - models.portmanager - Modem terdeteksi di COM9 dengan baud 115200
2025-03-30 21:06:16 - INFO - models.portmanager - GSM modem terdeteksi pada COM9
2025-03-30 21:06:20 - INFO - models.portmanager - Modem terdeteksi di COM14 dengan baud 115200
2025-03-30 21:06:20 - INFO - models.portmanager - GSM modem terdeteksi pada COM14
2025-03-30 21:06:20 - INFO - models.portmanager - Deteksi selesai. Ditemukan 15 GSM modem
2025-03-30 21:14:17 - INFO - models.portmanager - PortManager initialized
2025-03-30 21:14:17 - INFO - models.portmanager - Memulai deteksi port...
2025-03-30 21:14:17 - INFO - models.portmanager - Ditemukan 16 port potensial setelah filtering
2025-03-30 21:14:18 - INFO - models.portmanager - Port COM6 terhubung dengan baud 115200
2025-03-30 21:14:19 - INFO - models.portmanager - Port COM8 terhubung dengan baud 115200
2025-03-30 21:14:20 - INFO - models.portmanager - Port COM11 terhubung dengan baud 115200
2025-03-30 21:14:21 - INFO - models.portmanager - Port COM12 terhubung dengan baud 115200
2025-03-30 21:14:27 - INFO - models.portmanager - Port COM7 terhubung dengan baud 115200
2025-03-30 21:14:29 - INFO - models.portmanager - Port COM17 terhubung dengan baud 115200
2025-03-30 21:14:30 - INFO - models.portmanager - Port COM10 terhubung dengan baud 115200
2025-03-30 21:14:31 - INFO - models.portmanager - Port COM18 terhubung dengan baud 115200
2025-03-30 21:14:32 - INFO - models.portmanager - Port COM15 terhubung dengan baud 115200
2025-03-30 21:14:33 - INFO - models.portmanager - Port COM19 terhubung dengan baud 115200
2025-03-30 21:14:34 - INFO - models.portmanager - Port COM20 terhubung dengan baud 115200
2025-03-30 21:14:35 - INFO - models.portmanager - Port COM13 terhubung dengan baud 115200
2025-03-30 21:14:36 - INFO - models.portmanager - Port COM16 terhubung dengan baud 115200
2025-03-30 21:14:37 - INFO - models.portmanager - Port COM9 terhubung dengan baud 115200
2025-03-30 21:14:38 - INFO - models.portmanager - Port COM14 terhubung dengan baud 115200
2025-03-30 21:14:38 - INFO - models.portmanager - Deteksi selesai. Ditemukan 16 port modem
2025-03-30 21:14:38 - INFO - models.portmanager -    - 15 port terhubung
2025-03-30 21:14:38 - INFO - models.portmanager -    - 1 port tidak terhubung
2025-03-30 21:30:02 - INFO - models.portmanager - PortManager initialized
2025-03-30 21:30:02 - INFO - models.portmanager - Memulai deteksi port...
2025-03-30 21:30:02 - INFO - models.portmanager - Ditemukan 16 port potensial setelah filtering
2025-03-30 21:30:03 - INFO - models.portmanager - Port COM6 terhubung dengan baud 115200
2025-03-30 21:30:04 - INFO - models.portmanager - Port COM8 terhubung dengan baud 115200
2025-03-30 21:30:05 - INFO - models.portmanager - Port COM11 terhubung dengan baud 115200
2025-03-30 21:30:06 - INFO - models.portmanager - Port COM12 terhubung dengan baud 115200
2025-03-30 21:30:12 - INFO - models.portmanager - Port COM7 terhubung dengan baud 115200
2025-03-30 21:30:13 - INFO - models.portmanager - Port COM17 terhubung dengan baud 115200
2025-03-30 21:30:14 - INFO - models.portmanager - Port COM10 terhubung dengan baud 115200
2025-03-30 21:30:15 - INFO - models.portmanager - Port COM18 terhubung dengan baud 115200
2025-03-30 21:30:16 - INFO - models.portmanager - Port COM15 terhubung dengan baud 115200
2025-03-30 21:30:17 - INFO - models.portmanager - Port COM19 terhubung dengan baud 115200
2025-03-30 21:30:18 - INFO - models.portmanager - Port COM20 terhubung dengan baud 115200
2025-03-30 21:30:19 - INFO - models.portmanager - Port COM13 terhubung dengan baud 115200
2025-03-30 21:30:20 - INFO - models.portmanager - Port COM16 terhubung dengan baud 115200
2025-03-30 21:30:21 - INFO - models.portmanager - Port COM9 terhubung dengan baud 115200
2025-03-30 21:30:22 - INFO - models.portmanager - Port COM14 terhubung dengan baud 115200
2025-03-30 21:30:22 - INFO - models.portmanager - Deteksi selesai. Ditemukan 16 port modem
2025-03-30 21:30:22 - INFO - models.portmanager -    - 15 port terhubung
2025-03-30 21:30:22 - INFO - models.portmanager -    - 1 port tidak terhubung
2025-03-30 21:30:22 - INFO - models.portmanager -    - 16 port diaktifkan
2025-03-30 21:30:22 - INFO - models.portmanager -    - 0 port dinonaktifkan
2025-03-30 21:30:22 - INFO - models.portmanager - Mendeteksi SIM card pada port COM6
2025-03-30 21:30:24 - INFO - models.portmanager - SIM card terdeteksi pada COM6: ICCID "89620100001704914270", MSISDN None
2025-03-30 21:30:24 - INFO - models.portmanager - Mendeteksi SIM card pada port COM8
2025-03-30 21:30:26 - INFO - models.portmanager - SIM card terdeteksi pada COM8: ICCID "89620100001704913942", MSISDN None
2025-03-30 21:30:26 - INFO - models.portmanager - Mendeteksi SIM card pada port COM11
2025-03-30 21:30:28 - INFO - models.portmanager - SIM card terdeteksi pada COM11: ICCID "89620100001704484373", MSISDN None
2025-03-30 21:30:28 - INFO - models.portmanager - Mendeteksi SIM card pada port COM12
2025-03-30 21:30:30 - INFO - models.portmanager - SIM card terdeteksi pada COM12: ICCID "89620100001704905435", MSISDN None
2025-03-30 21:30:30 - INFO - models.portmanager - Mendeteksi SIM card pada port COM7
2025-03-30 21:30:32 - INFO - models.portmanager - SIM card terdeteksi pada COM7: ICCID "89620100001704909577", MSISDN None
2025-03-30 21:30:32 - INFO - models.portmanager - Mendeteksi SIM card pada port COM17
2025-03-30 21:30:34 - INFO - models.portmanager - SIM card terdeteksi pada COM17: ICCID "89620100001704484399", MSISDN None
2025-03-30 21:30:34 - INFO - models.portmanager - Mendeteksi SIM card pada port COM10
2025-03-30 21:30:36 - INFO - models.portmanager - SIM card terdeteksi pada COM10: ICCID "89620100001704483946", MSISDN None
2025-03-30 21:30:36 - INFO - models.portmanager - Mendeteksi SIM card pada port COM18
2025-03-30 21:30:38 - INFO - models.portmanager - SIM card terdeteksi pada COM18: ICCID "89620100001704484118", MSISDN None
2025-03-30 21:30:38 - INFO - models.portmanager - Mendeteksi SIM card pada port COM15
2025-03-30 21:30:40 - INFO - models.portmanager - SIM card terdeteksi pada COM15: ICCID "89620100001704484266", MSISDN None
2025-03-30 21:30:40 - INFO - models.portmanager - Mendeteksi SIM card pada port COM19
2025-03-30 21:30:42 - INFO - models.portmanager - SIM card terdeteksi pada COM19: ICCID "89620100001704909650", MSISDN None
2025-03-30 21:30:42 - INFO - models.portmanager - Mendeteksi SIM card pada port COM20
2025-03-30 21:30:44 - INFO - models.portmanager - SIM card terdeteksi pada COM20: ICCID "89620100001704914247", MSISDN None
2025-03-30 21:30:44 - INFO - models.portmanager - Mendeteksi SIM card pada port COM13
2025-03-30 21:30:46 - INFO - models.portmanager - SIM card terdeteksi pada COM13: ICCID "89620100001704450192", MSISDN None
2025-03-30 21:30:46 - INFO - models.portmanager - Mendeteksi SIM card pada port COM16
2025-03-30 21:30:48 - INFO - models.portmanager - SIM card terdeteksi pada COM16: ICCID "89620100001704908934", MSISDN None
2025-03-30 21:30:48 - INFO - models.portmanager - Mendeteksi SIM card pada port COM9
2025-03-30 21:30:50 - INFO - models.portmanager - SIM card terdeteksi pada COM9: ICCID "89620100001704905823", MSISDN None
2025-03-30 21:30:50 - INFO - models.portmanager - Mendeteksi SIM card pada port COM14
2025-03-30 21:30:52 - INFO - models.portmanager - SIM card terdeteksi pada COM14: ICCID "89620100001704456330", MSISDN None
2025-03-30 21:34:38 - INFO - models.portmanager - PortManager initialized
2025-03-30 21:34:38 - INFO - models.portmanager - Memulai deteksi port...
2025-03-30 21:34:38 - INFO - models.portmanager - Ditemukan 16 port potensial setelah filtering
2025-03-30 21:34:39 - INFO - models.portmanager - Port COM6 terhubung dengan baud 115200
2025-03-30 21:34:40 - INFO - models.portmanager - Port COM8 terhubung dengan baud 115200
2025-03-30 21:34:42 - INFO - models.portmanager - Port COM11 terhubung dengan baud 115200
2025-03-30 21:34:43 - INFO - models.portmanager - Port COM12 terhubung dengan baud 115200
2025-03-30 21:34:49 - INFO - models.portmanager - Port COM7 terhubung dengan baud 115200
2025-03-30 21:34:50 - INFO - models.portmanager - Port COM17 terhubung dengan baud 115200
2025-03-30 21:34:51 - INFO - models.portmanager - Port COM10 terhubung dengan baud 115200
2025-03-30 21:34:52 - INFO - models.portmanager - Port COM18 terhubung dengan baud 115200
2025-03-30 21:34:53 - INFO - models.portmanager - Port COM15 terhubung dengan baud 115200
2025-03-30 21:34:54 - INFO - models.portmanager - Port COM19 terhubung dengan baud 115200
2025-03-30 21:34:55 - INFO - models.portmanager - Port COM20 terhubung dengan baud 115200
2025-03-30 21:34:56 - INFO - models.portmanager - Port COM13 terhubung dengan baud 115200
2025-03-30 21:34:57 - INFO - models.portmanager - Port COM16 terhubung dengan baud 115200
2025-03-30 21:34:58 - INFO - models.portmanager - Port COM9 terhubung dengan baud 115200
2025-03-30 21:34:59 - INFO - models.portmanager - Port COM14 terhubung dengan baud 115200
2025-03-30 21:34:59 - INFO - models.portmanager - Deteksi selesai. Ditemukan 16 port modem
2025-03-30 21:34:59 - INFO - models.portmanager -    - 15 port terhubung
2025-03-30 21:34:59 - INFO - models.portmanager -    - 1 port tidak terhubung
2025-03-30 21:34:59 - INFO - models.portmanager -    - 16 port diaktifkan
2025-03-30 21:34:59 - INFO - models.portmanager -    - 0 port dinonaktifkan
2025-03-30 21:34:59 - INFO - models.portmanager - Mendeteksi SIM card pada port COM6
2025-03-30 21:35:01 - INFO - models.portmanager - SIM card terdeteksi pada COM6: ICCID "89620100001704914270", MSISDN None
2025-03-30 21:35:01 - INFO - models.portmanager - Mendeteksi SIM card pada port COM8
2025-03-30 21:35:03 - INFO - models.portmanager - SIM card terdeteksi pada COM8: ICCID "89620100001704913942", MSISDN None
2025-03-30 21:35:03 - INFO - models.portmanager - Mendeteksi SIM card pada port COM11
2025-03-30 21:35:05 - INFO - models.portmanager - SIM card terdeteksi pada COM11: ICCID "89620100001704484373", MSISDN None
2025-03-30 21:35:05 - INFO - models.portmanager - Mendeteksi SIM card pada port COM12
2025-03-30 21:35:07 - INFO - models.portmanager - SIM card terdeteksi pada COM12: ICCID "89620100001704905435", MSISDN None
2025-03-30 21:35:07 - INFO - models.portmanager - Mendeteksi SIM card pada port COM7
2025-03-30 21:35:09 - INFO - models.portmanager - SIM card terdeteksi pada COM7: ICCID "89620100001704909577", MSISDN None
2025-03-30 21:35:09 - INFO - models.portmanager - Mendeteksi SIM card pada port COM17
2025-03-30 21:35:11 - INFO - models.portmanager - SIM card terdeteksi pada COM17: ICCID "89620100001704484399", MSISDN None
2025-03-30 21:35:11 - INFO - models.portmanager - Mendeteksi SIM card pada port COM10
2025-03-30 21:35:13 - INFO - models.portmanager - SIM card terdeteksi pada COM10: ICCID "89620100001704483946", MSISDN None
2025-03-30 21:35:13 - INFO - models.portmanager - Mendeteksi SIM card pada port COM18
2025-03-30 21:35:15 - INFO - models.portmanager - SIM card terdeteksi pada COM18: ICCID "89620100001704484118", MSISDN None
2025-03-30 21:35:15 - INFO - models.portmanager - Mendeteksi SIM card pada port COM15
2025-03-30 21:35:17 - INFO - models.portmanager - SIM card terdeteksi pada COM15: ICCID "89620100001704484266", MSISDN None
2025-03-30 21:35:17 - INFO - models.portmanager - Mendeteksi SIM card pada port COM19
2025-03-30 21:35:19 - INFO - models.portmanager - SIM card terdeteksi pada COM19: ICCID "89620100001704909650", MSISDN None
2025-03-30 21:35:19 - INFO - models.portmanager - Mendeteksi SIM card pada port COM20
2025-03-30 21:35:21 - INFO - models.portmanager - SIM card terdeteksi pada COM20: ICCID "89620100001704914247", MSISDN None
2025-03-30 21:35:21 - INFO - models.portmanager - Mendeteksi SIM card pada port COM13
2025-03-30 21:35:23 - INFO - models.portmanager - SIM card terdeteksi pada COM13: ICCID "89620100001704450192", MSISDN None
2025-03-30 21:35:23 - INFO - models.portmanager - Mendeteksi SIM card pada port COM16
2025-03-30 21:35:25 - INFO - models.portmanager - SIM card terdeteksi pada COM16: ICCID "89620100001704908934", MSISDN None
2025-03-30 21:35:25 - INFO - models.portmanager - Mendeteksi SIM card pada port COM9
2025-03-30 21:35:27 - INFO - models.portmanager - SIM card terdeteksi pada COM9: ICCID "89620100001704905823", MSISDN None
2025-03-30 21:35:27 - INFO - models.portmanager - Mendeteksi SIM card pada port COM14
2025-03-30 21:35:29 - INFO - models.portmanager - SIM card terdeteksi pada COM14: ICCID "89620100001704456330", MSISDN None
2025-03-30 21:40:31 - INFO - models.portmanager - PortManager initialized
2025-03-30 21:40:31 - INFO - models.portmanager - Memulai deteksi port...
2025-03-30 21:40:31 - INFO - models.portmanager - Ditemukan 16 port potensial setelah filtering
2025-03-30 21:40:32 - INFO - models.portmanager - Port COM6 terhubung dengan baud 115200
2025-03-30 21:40:33 - INFO - models.portmanager - Port COM8 terhubung dengan baud 115200
2025-03-30 21:40:34 - INFO - models.portmanager - Port COM11 terhubung dengan baud 115200
2025-03-30 21:40:35 - INFO - models.portmanager - Port COM12 terhubung dengan baud 115200
2025-03-30 21:40:41 - INFO - models.portmanager - Port COM7 terhubung dengan baud 115200
2025-03-30 21:40:42 - INFO - models.portmanager - Port COM17 terhubung dengan baud 115200
2025-03-30 21:40:43 - INFO - models.portmanager - Port COM10 terhubung dengan baud 115200
2025-03-30 21:40:44 - INFO - models.portmanager - Port COM18 terhubung dengan baud 115200
2025-03-30 21:40:45 - INFO - models.portmanager - Port COM15 terhubung dengan baud 115200
2025-03-30 21:40:46 - INFO - models.portmanager - Port COM19 terhubung dengan baud 115200
2025-03-30 21:40:47 - INFO - models.portmanager - Port COM20 terhubung dengan baud 115200
2025-03-30 21:40:49 - INFO - models.portmanager - Port COM13 terhubung dengan baud 115200
2025-03-30 21:40:50 - INFO - models.portmanager - Port COM16 terhubung dengan baud 115200
2025-03-30 21:40:51 - INFO - models.portmanager - Port COM9 terhubung dengan baud 115200
2025-03-30 21:40:52 - INFO - models.portmanager - Port COM14 terhubung dengan baud 115200
2025-03-30 21:40:52 - INFO - models.portmanager - Deteksi selesai. Ditemukan 16 port modem
2025-03-30 21:40:52 - INFO - models.portmanager -    - 15 port terhubung
2025-03-30 21:40:52 - INFO - models.portmanager -    - 1 port tidak terhubung
2025-03-30 21:40:52 - INFO - models.portmanager -    - 16 port diaktifkan
2025-03-30 21:40:52 - INFO - models.portmanager -    - 0 port dinonaktifkan
2025-03-30 21:40:52 - INFO - models.portmanager - Mendeteksi SIM card pada port COM6
2025-03-30 21:40:54 - INFO - models.portmanager - SIM card terdeteksi pada COM6: ICCID "89620100001704914270", MSISDN None
2025-03-30 21:40:54 - INFO - models.portmanager - Mendeteksi SIM card pada port COM8
2025-03-30 21:40:56 - INFO - models.portmanager - SIM card terdeteksi pada COM8: ICCID "89620100001704913942", MSISDN None
2025-03-30 21:40:56 - INFO - models.portmanager - Mendeteksi SIM card pada port COM11
2025-03-30 21:40:58 - INFO - models.portmanager - SIM card terdeteksi pada COM11: ICCID "89620100001704484373", MSISDN None
2025-03-30 21:40:58 - INFO - models.portmanager - Mendeteksi SIM card pada port COM12
2025-03-30 21:41:00 - INFO - models.portmanager - SIM card terdeteksi pada COM12: ICCID "89620100001704905435", MSISDN None
2025-03-30 21:41:00 - INFO - models.portmanager - Mendeteksi SIM card pada port COM7
2025-03-30 21:41:02 - INFO - models.portmanager - SIM card terdeteksi pada COM7: ICCID "89620100001704909577", MSISDN None
2025-03-30 21:41:02 - INFO - models.portmanager - Mendeteksi SIM card pada port COM17
2025-03-30 21:41:04 - INFO - models.portmanager - SIM card terdeteksi pada COM17: ICCID "89620100001704484399", MSISDN None
2025-03-30 21:41:04 - INFO - models.portmanager - Mendeteksi SIM card pada port COM10
2025-03-30 21:41:06 - INFO - models.portmanager - SIM card terdeteksi pada COM10: ICCID "89620100001704483946", MSISDN None
2025-03-30 21:41:06 - INFO - models.portmanager - Mendeteksi SIM card pada port COM18
2025-03-30 21:41:08 - INFO - models.portmanager - SIM card terdeteksi pada COM18: ICCID "89620100001704484118", MSISDN None
2025-03-30 21:41:08 - INFO - models.portmanager - Mendeteksi SIM card pada port COM15
2025-03-30 21:41:10 - INFO - models.portmanager - SIM card terdeteksi pada COM15: ICCID "89620100001704484266", MSISDN None
2025-03-30 21:41:10 - INFO - models.portmanager - Mendeteksi SIM card pada port COM19
2025-03-30 21:41:12 - INFO - models.portmanager - SIM card terdeteksi pada COM19: ICCID "89620100001704909650", MSISDN None
2025-03-30 21:41:12 - INFO - models.portmanager - Mendeteksi SIM card pada port COM20
2025-03-30 21:41:14 - INFO - models.portmanager - SIM card terdeteksi pada COM20: ICCID "89620100001704914247", MSISDN None
2025-03-30 21:41:14 - INFO - models.portmanager - Mendeteksi SIM card pada port COM13
2025-03-30 21:41:16 - INFO - models.portmanager - SIM card terdeteksi pada COM13: ICCID "89620100001704450192", MSISDN None
2025-03-30 21:41:16 - INFO - models.portmanager - Mendeteksi SIM card pada port COM16
2025-03-30 21:41:18 - INFO - models.portmanager - SIM card terdeteksi pada COM16: ICCID "89620100001704908934", MSISDN None
2025-03-30 21:41:18 - INFO - models.portmanager - Mendeteksi SIM card pada port COM9
2025-03-30 21:41:20 - INFO - models.portmanager - SIM card terdeteksi pada COM9: ICCID "89620100001704905823", MSISDN None
2025-03-30 21:41:20 - INFO - models.portmanager - Mendeteksi SIM card pada port COM14
2025-03-30 21:41:22 - INFO - models.portmanager - SIM card terdeteksi pada COM14: ICCID "89620100001704456330", MSISDN None
2025-03-30 21:46:49 - INFO - models.portmanager - PortManager initialized
2025-03-30 21:46:49 - INFO - models.portmanager - Memulai deteksi port...
2025-03-30 21:46:49 - INFO - models.portmanager - Ditemukan 16 port potensial setelah filtering
2025-03-30 21:46:50 - INFO - models.portmanager - Port COM11 terhubung dengan baud 115200
2025-03-30 21:46:50 - INFO - models.portmanager - Port COM12 terhubung dengan baud 115200
2025-03-30 21:46:50 - INFO - models.portmanager - Port COM6 terhubung dengan baud 115200
2025-03-30 21:46:50 - INFO - models.portmanager - Port COM8 terhubung dengan baud 115200
2025-03-30 21:46:50 - INFO - models.portmanager - Port COM7 terhubung dengan baud 115200
2025-03-30 21:46:50 - INFO - models.portmanager - Port COM17 terhubung dengan baud 115200
2025-03-30 21:46:50 - INFO - models.portmanager - Port COM10 terhubung dengan baud 115200
2025-03-30 21:46:51 - INFO - models.portmanager - Port COM18 terhubung dengan baud 115200
2025-03-30 21:46:51 - INFO - models.portmanager - Port COM15 terhubung dengan baud 115200
2025-03-30 21:46:51 - INFO - models.portmanager - Port COM19 terhubung dengan baud 115200
2025-03-30 21:46:51 - INFO - models.portmanager - Port COM20 terhubung dengan baud 115200
2025-03-30 21:46:51 - INFO - models.portmanager - Port COM13 terhubung dengan baud 115200
2025-03-30 21:46:52 - INFO - models.portmanager - Port COM16 terhubung dengan baud 115200
2025-03-30 21:46:52 - INFO - models.portmanager - Port COM9 terhubung dengan baud 115200
2025-03-30 21:46:52 - INFO - models.portmanager - Port COM14 terhubung dengan baud 115200
2025-03-30 21:46:54 - INFO - models.portmanager - Deteksi selesai. Ditemukan 16 port modem
2025-03-30 21:46:54 - INFO - models.portmanager -    - 15 port terhubung
2025-03-30 21:46:54 - INFO - models.portmanager -    - 1 port tidak terhubung
2025-03-30 21:46:54 - INFO - models.portmanager -    - 16 port diaktifkan
2025-03-30 21:46:54 - INFO - models.portmanager -    - 0 port dinonaktifkan
2025-03-30 21:46:54 - INFO - models.portmanager - Mendeteksi SIM card pada port COM11
2025-03-30 21:46:54 - INFO - models.portmanager - Mendeteksi SIM card pada port COM12
2025-03-30 21:46:54 - INFO - models.portmanager - Mendeteksi SIM card pada port COM6
2025-03-30 21:46:54 - INFO - models.portmanager - Mendeteksi SIM card pada port COM8
2025-03-30 21:46:54 - INFO - models.portmanager - Mendeteksi SIM card pada port COM7
2025-03-30 21:46:54 - INFO - models.portmanager - Mendeteksi SIM card pada port COM17
2025-03-30 21:46:54 - INFO - models.portmanager - Mendeteksi SIM card pada port COM10
2025-03-30 21:46:54 - INFO - models.portmanager - Mendeteksi SIM card pada port COM18
2025-03-30 21:46:56 - INFO - models.portmanager - SIM card terdeteksi pada COM10: ICCID "89620100001704483946", MSISDN None
2025-03-30 21:46:56 - INFO - models.portmanager - Mendeteksi SIM card pada port COM15
2025-03-30 21:46:56 - INFO - models.portmanager - SIM card terdeteksi pada COM12: ICCID "89620100001704905435", MSISDN None
2025-03-30 21:46:56 - INFO - models.portmanager - Mendeteksi SIM card pada port COM19
2025-03-30 21:46:56 - INFO - models.portmanager - SIM card terdeteksi pada COM11: ICCID "89620100001704484373", MSISDN None
2025-03-30 21:46:56 - INFO - models.portmanager - SIM card terdeteksi pada COM6: ICCID "89620100001704914270", MSISDN None
2025-03-30 21:46:56 - INFO - models.portmanager - Mendeteksi SIM card pada port COM13
2025-03-30 21:46:56 - INFO - models.portmanager - Mendeteksi SIM card pada port COM20
2025-03-30 21:46:56 - INFO - models.portmanager - SIM card terdeteksi pada COM7: ICCID "89620100001704909577", MSISDN None
2025-03-30 21:46:56 - INFO - models.portmanager - SIM card terdeteksi pada COM18: ICCID "89620100001704484118", MSISDN None
2025-03-30 21:46:56 - INFO - models.portmanager - Mendeteksi SIM card pada port COM9
2025-03-30 21:46:56 - INFO - models.portmanager - SIM card terdeteksi pada COM8: ICCID "89620100001704913942", MSISDN None
2025-03-30 21:46:56 - INFO - models.portmanager - Mendeteksi SIM card pada port COM14
2025-03-30 21:46:56 - INFO - models.portmanager - SIM card terdeteksi pada COM17: ICCID "89620100001704484399", MSISDN None
2025-03-30 21:46:56 - INFO - models.portmanager - Mendeteksi SIM card pada port COM16
2025-03-30 21:46:58 - INFO - models.portmanager - SIM card terdeteksi pada COM16: ICCID "89620100001704908934", MSISDN None
2025-03-30 21:46:58 - INFO - models.portmanager - SIM card terdeteksi pada COM15: ICCID "89620100001704484266", MSISDN None
2025-03-30 21:46:58 - INFO - models.portmanager - SIM card terdeteksi pada COM9: ICCID "89620100001704905823", MSISDN None
2025-03-30 21:46:58 - INFO - models.portmanager - SIM card terdeteksi pada COM19: ICCID "89620100001704909650", MSISDN None
2025-03-30 21:46:58 - INFO - models.portmanager - SIM card terdeteksi pada COM20: ICCID "89620100001704914247", MSISDN None
2025-03-30 21:46:58 - INFO - models.portmanager - SIM card terdeteksi pada COM14: ICCID "89620100001704456330", MSISDN None
2025-03-30 21:46:58 - INFO - models.portmanager - SIM card terdeteksi pada COM13: ICCID "89620100001704450192", MSISDN None
